<?xml version="1.0" encoding="UTF-8"?>
<!-- Generated by org.testng.reporters.JUnitReportReporter -->
<testsuite hostname="base" name="br.org.base.Teste" tests="1" failures="0" timestamp="19 Jan 2014 04:37:24 GMT" time="0.027" errors="0">
  <testcase name="teste" time="0.027" classname="br.org.base.Teste"/>
</testsuite>
